Hmm ... looks like a package
Converting parsed Rd's to LaTeX 
Creating pdf output from LaTeX ...

This is pdfTeX, Version 3.141592653-2.6-1.40.25 (TeX Live 2023) (preloaded format=pdflatex)
 restricted \write18 enabled.
entering extended mode
LaTeX2e <2022-11-01> patch level 1
L3 programming layer <2023-02-22> (./Rd2.tex
(/usr/local/texlive/2023/texmf-dist/tex/latex/base/book.cls
Document Class: book 2022/07/02 v1.4n Standard LaTeX document class
(/usr/local/texlive/2023/texmf-dist/tex/latex/base/bk10.clo))
(/Library/Frameworks/R.framework/Resources/share/texmf/tex/latex/Rd.sty
(/usr/local/texlive/2023/texmf-dist/tex/latex/base/ifthen.sty)
(/usr/local/texlive/2023/texmf-dist/tex/latex/tools/longtable.sty)
(/usr/local/texlive/2023/texmf-dist/tex/latex/tools/bm.sty)
(/usr/local/texlive/2023/texmf-dist/tex/latex/base/alltt.sty)
(/usr/local/texlive/2023/texmf-dist/tex/latex/tools/verbatim.sty)
(/usr/local/texlive/2023/texmf-dist/tex/latex/url/url.sty)
(/usr/local/texlive/2023/texmf-dist/tex/latex/base/textcomp.sty)
(/usr/local/texlive/2023/texmf-dist/tex/latex/amsmath/amsmath.sty
For additional information on amsmath, use the `?' option.
(/usr/local/texlive/2023/texmf-dist/tex/latex/amsmath/amstext.sty
(/usr/local/texlive/2023/texmf-dist/tex/latex/amsmath/amsgen.sty))
(/usr/local/texlive/2023/texmf-dist/tex/latex/amsmath/amsbsy.sty)
(/usr/local/texlive/2023/texmf-dist/tex/latex/amsmath/amsopn.sty))
(/usr/local/texlive/2023/texmf-dist/tex/latex/amsfonts/amsfonts.sty)
(/usr/local/texlive/2023/texmf-dist/tex/latex/amsfonts/amssymb.sty)
(/usr/local/texlive/2023/texmf-dist/tex/latex/jknapltx/mathrsfs.sty)
(/usr/local/texlive/2023/texmf-dist/tex/generic/iftex/iftex.sty)
(/usr/local/texlive/2023/texmf-dist/tex/latex/base/fontenc.sty)
(/usr/local/texlive/2023/texmf-dist/tex/latex/psnfss/times.sty)
(/usr/local/texlive/2023/texmf-dist/tex/latex/inconsolata/zi4.sty
`inconsolata-zi4' v1.12, 2019/05/17 Text macros for Inconsolata (msharpe)
(/usr/local/texlive/2023/texmf-dist/tex/latex/xkeyval/xkeyval.sty
(/usr/local/texlive/2023/texmf-dist/tex/generic/xkeyval/xkeyval.tex
(/usr/local/texlive/2023/texmf-dist/tex/generic/xkeyval/xkvutils.tex
(/usr/local/texlive/2023/texmf-dist/tex/generic/xkeyval/keyval.tex)))))
(/usr/local/texlive/2023/texmf-dist/tex/latex/graphics/color.sty
(/usr/local/texlive/2023/texmf-dist/tex/latex/graphics-cfg/color.cfg)
(/usr/local/texlive/2023/texmf-dist/tex/latex/graphics-def/pdftex.def)
(/usr/local/texlive/2023/texmf-dist/tex/latex/graphics/mathcolor.ltx))
(/usr/local/texlive/2023/texmf-dist/tex/latex/hyperref/hyperref.sty
(/usr/local/texlive/2023/texmf-dist/tex/generic/ltxcmds/ltxcmds.sty)
(/usr/local/texlive/2023/texmf-dist/tex/generic/pdftexcmds/pdftexcmds.sty
(/usr/local/texlive/2023/texmf-dist/tex/generic/infwarerr/infwarerr.sty))
(/usr/local/texlive/2023/texmf-dist/tex/latex/kvsetkeys/kvsetkeys.sty)
(/usr/local/texlive/2023/texmf-dist/tex/generic/kvdefinekeys/kvdefinekeys.sty)
(/usr/local/texlive/2023/texmf-dist/tex/generic/pdfescape/pdfescape.sty)
(/usr/local/texlive/2023/texmf-dist/tex/latex/hycolor/hycolor.sty)
(/usr/local/texlive/2023/texmf-dist/tex/latex/letltxmacro/letltxmacro.sty)
(/usr/local/texlive/2023/texmf-dist/tex/latex/auxhook/auxhook.sty)
(/usr/local/texlive/2023/texmf-dist/tex/latex/hyperref/nameref.sty
(/usr/local/texlive/2023/texmf-dist/tex/latex/refcount/refcount.sty)
(/usr/local/texlive/2023/texmf-dist/tex/generic/gettitlestring/gettitlestring.s
ty (/usr/local/texlive/2023/texmf-dist/tex/latex/kvoptions/kvoptions.sty)))
(/usr/local/texlive/2023/texmf-dist/tex/latex/hyperref/pd1enc.def)
(/usr/local/texlive/2023/texmf-dist/tex/generic/intcalc/intcalc.sty)
(/usr/local/texlive/2023/texmf-dist/tex/generic/etexcmds/etexcmds.sty)
(/usr/local/texlive/2023/texmf-dist/tex/latex/hyperref/puenc.def)
(/usr/local/texlive/2023/texmf-dist/tex/generic/bitset/bitset.sty
(/usr/local/texlive/2023/texmf-dist/tex/generic/bigintcalc/bigintcalc.sty))
(/usr/local/texlive/2023/texmf-dist/tex/latex/base/atbegshi-ltx.sty))
(/usr/local/texlive/2023/texmf-dist/tex/latex/hyperref/hpdftex.def
(/usr/local/texlive/2023/texmf-dist/tex/latex/base/atveryend-ltx.sty)
(/usr/local/texlive/2023/texmf-dist/tex/latex/rerunfilecheck/rerunfilecheck.sty

(/usr/local/texlive/2023/texmf-dist/tex/generic/uniquecounter/uniquecounter.sty
)))) (/usr/local/texlive/2023/texmf-dist/tex/latex/base/makeidx.sty)
(/usr/local/texlive/2023/texmf-dist/tex/latex/base/inputenc.sty)
Writing index file Rd2.idx
(/usr/local/texlive/2023/texmf-dist/tex/latex/psnfss/t1ptm.fd)
(/usr/local/texlive/2023/texmf-dist/tex/latex/l3backend/l3backend-pdftex.def)
No file Rd2.aux.
(/usr/local/texlive/2023/texmf-dist/tex/context/base/mkii/supp-pdf.mkii
[Loading MPS to PDF converter (version 2006.09.02).]
) (/usr/local/texlive/2023/texmf-dist/tex/latex/inconsolata/t1zi4.fd)
(/usr/local/texlive/2023/texmf-dist/tex/latex/psnfss/t1phv.fd)
No file Rd2.toc.
(/usr/local/texlive/2023/texmf-dist/tex/latex/amsfonts/umsa.fd)
(/usr/local/texlive/2023/texmf-dist/tex/latex/amsfonts/umsb.fd)
(/usr/local/texlive/2023/texmf-dist/tex/latex/jknapltx/ursfs.fd) [1{/usr/local/
texlive/2023/texmf-var/fonts/map/pdftex/updmap/pdftex.map}{/usr/local/texlive/2
023/texmf-dist/fonts/enc/dvips/base/8r.enc}{/usr/local/texlive/2023/texmf-dist/
fonts/enc/dvips/inconsolata/i4-t1-0.enc}]
(/usr/local/texlive/2023/texmf-dist/tex/latex/inconsolata/ts1zi4.fd) [2{/usr/lo
cal/texlive/2023/texmf-dist/fonts/enc/dvips/inconsolata/i4-ts1.enc}] [3]
[4] [5] [6] [7] [8]
No file Rd2.ind.
[9]
(/private/var/folders/nh/4zg1bndx1b11n51dpycyng3h0000gn/T/RtmpyRyKRl/Rd2pdf8325
479e5bbf/Rd2.aux)

Package rerunfilecheck Warning: File `Rd2.out' has changed.
(rerunfilecheck)                Rerun to get outlines right
(rerunfilecheck)                or use package `bookmark'.

 )</usr/local/texlive/2023/texmf-dist/fonts/type1/public/inconsolata/Inconsolat
a-zi4r.pfb></usr/local/texlive/2023/texmf-dist/fonts/type1/urw/helvetic/uhvr8a.
pfb></usr/local/texlive/2023/texmf-dist/fonts/type1/urw/times/utmb8a.pfb></usr/
local/texlive/2023/texmf-dist/fonts/type1/urw/times/utmr8a.pfb></usr/local/texl
ive/2023/texmf-dist/fonts/type1/urw/times/utmr8a.pfb></usr/local/texlive/2023/t
exmf-dist/fonts/type1/urw/times/utmri8a.pfb>
Output written on Rd2.pdf (9 pages, 95596 bytes).
Transcript written on Rd2.log.
This is makeindex, version 2.17 [TeX Live 2023] (kpathsea + Thai support).
Scanning input file Rd2.idx....done (13 entries accepted, 0 rejected).
Sorting entries....done (53 comparisons).
Generating output file Rd2.ind....done (33 lines written, 0 warnings).
Output written in Rd2.ind.
Transcript written in Rd2.ilg.
This is pdfTeX, Version 3.141592653-2.6-1.40.25 (TeX Live 2023) (preloaded format=pdflatex)
 restricted \write18 enabled.
entering extended mode
LaTeX2e <2022-11-01> patch level 1
L3 programming layer <2023-02-22> (./Rd2.tex
(/usr/local/texlive/2023/texmf-dist/tex/latex/base/book.cls
Document Class: book 2022/07/02 v1.4n Standard LaTeX document class
(/usr/local/texlive/2023/texmf-dist/tex/latex/base/bk10.clo))
(/Library/Frameworks/R.framework/Resources/share/texmf/tex/latex/Rd.sty
(/usr/local/texlive/2023/texmf-dist/tex/latex/base/ifthen.sty)
(/usr/local/texlive/2023/texmf-dist/tex/latex/tools/longtable.sty)
(/usr/local/texlive/2023/texmf-dist/tex/latex/tools/bm.sty)
(/usr/local/texlive/2023/texmf-dist/tex/latex/base/alltt.sty)
(/usr/local/texlive/2023/texmf-dist/tex/latex/tools/verbatim.sty)
(/usr/local/texlive/2023/texmf-dist/tex/latex/url/url.sty)
(/usr/local/texlive/2023/texmf-dist/tex/latex/base/textcomp.sty)
(/usr/local/texlive/2023/texmf-dist/tex/latex/amsmath/amsmath.sty
For additional information on amsmath, use the `?' option.
(/usr/local/texlive/2023/texmf-dist/tex/latex/amsmath/amstext.sty
(/usr/local/texlive/2023/texmf-dist/tex/latex/amsmath/amsgen.sty))
(/usr/local/texlive/2023/texmf-dist/tex/latex/amsmath/amsbsy.sty)
(/usr/local/texlive/2023/texmf-dist/tex/latex/amsmath/amsopn.sty))
(/usr/local/texlive/2023/texmf-dist/tex/latex/amsfonts/amsfonts.sty)
(/usr/local/texlive/2023/texmf-dist/tex/latex/amsfonts/amssymb.sty)
(/usr/local/texlive/2023/texmf-dist/tex/latex/jknapltx/mathrsfs.sty)
(/usr/local/texlive/2023/texmf-dist/tex/generic/iftex/iftex.sty)
(/usr/local/texlive/2023/texmf-dist/tex/latex/base/fontenc.sty)
(/usr/local/texlive/2023/texmf-dist/tex/latex/psnfss/times.sty)
(/usr/local/texlive/2023/texmf-dist/tex/latex/inconsolata/zi4.sty
`inconsolata-zi4' v1.12, 2019/05/17 Text macros for Inconsolata (msharpe)
(/usr/local/texlive/2023/texmf-dist/tex/latex/xkeyval/xkeyval.sty
(/usr/local/texlive/2023/texmf-dist/tex/generic/xkeyval/xkeyval.tex
(/usr/local/texlive/2023/texmf-dist/tex/generic/xkeyval/xkvutils.tex
(/usr/local/texlive/2023/texmf-dist/tex/generic/xkeyval/keyval.tex)))))
(/usr/local/texlive/2023/texmf-dist/tex/latex/graphics/color.sty
(/usr/local/texlive/2023/texmf-dist/tex/latex/graphics-cfg/color.cfg)
(/usr/local/texlive/2023/texmf-dist/tex/latex/graphics-def/pdftex.def)
(/usr/local/texlive/2023/texmf-dist/tex/latex/graphics/mathcolor.ltx))
(/usr/local/texlive/2023/texmf-dist/tex/latex/hyperref/hyperref.sty
(/usr/local/texlive/2023/texmf-dist/tex/generic/ltxcmds/ltxcmds.sty)
(/usr/local/texlive/2023/texmf-dist/tex/generic/pdftexcmds/pdftexcmds.sty
(/usr/local/texlive/2023/texmf-dist/tex/generic/infwarerr/infwarerr.sty))
(/usr/local/texlive/2023/texmf-dist/tex/latex/kvsetkeys/kvsetkeys.sty)
(/usr/local/texlive/2023/texmf-dist/tex/generic/kvdefinekeys/kvdefinekeys.sty)
(/usr/local/texlive/2023/texmf-dist/tex/generic/pdfescape/pdfescape.sty)
(/usr/local/texlive/2023/texmf-dist/tex/latex/hycolor/hycolor.sty)
(/usr/local/texlive/2023/texmf-dist/tex/latex/letltxmacro/letltxmacro.sty)
(/usr/local/texlive/2023/texmf-dist/tex/latex/auxhook/auxhook.sty)
(/usr/local/texlive/2023/texmf-dist/tex/latex/hyperref/nameref.sty
(/usr/local/texlive/2023/texmf-dist/tex/latex/refcount/refcount.sty)
(/usr/local/texlive/2023/texmf-dist/tex/generic/gettitlestring/gettitlestring.s
ty (/usr/local/texlive/2023/texmf-dist/tex/latex/kvoptions/kvoptions.sty)))
(/usr/local/texlive/2023/texmf-dist/tex/latex/hyperref/pd1enc.def)
(/usr/local/texlive/2023/texmf-dist/tex/generic/intcalc/intcalc.sty)
(/usr/local/texlive/2023/texmf-dist/tex/generic/etexcmds/etexcmds.sty)
(/usr/local/texlive/2023/texmf-dist/tex/latex/hyperref/puenc.def)
(/usr/local/texlive/2023/texmf-dist/tex/generic/bitset/bitset.sty
(/usr/local/texlive/2023/texmf-dist/tex/generic/bigintcalc/bigintcalc.sty))
(/usr/local/texlive/2023/texmf-dist/tex/latex/base/atbegshi-ltx.sty))
(/usr/local/texlive/2023/texmf-dist/tex/latex/hyperref/hpdftex.def
(/usr/local/texlive/2023/texmf-dist/tex/latex/base/atveryend-ltx.sty)
(/usr/local/texlive/2023/texmf-dist/tex/latex/rerunfilecheck/rerunfilecheck.sty

(/usr/local/texlive/2023/texmf-dist/tex/generic/uniquecounter/uniquecounter.sty
)))) (/usr/local/texlive/2023/texmf-dist/tex/latex/base/makeidx.sty)
(/usr/local/texlive/2023/texmf-dist/tex/latex/base/inputenc.sty)
Writing index file Rd2.idx
(/usr/local/texlive/2023/texmf-dist/tex/latex/psnfss/t1ptm.fd)
(/usr/local/texlive/2023/texmf-dist/tex/latex/l3backend/l3backend-pdftex.def)
(/private/var/folders/nh/4zg1bndx1b11n51dpycyng3h0000gn/T/RtmpyRyKRl/Rd2pdf8325
479e5bbf/Rd2.aux)
(/usr/local/texlive/2023/texmf-dist/tex/context/base/mkii/supp-pdf.mkii
[Loading MPS to PDF converter (version 2006.09.02).]
)
(/private/var/folders/nh/4zg1bndx1b11n51dpycyng3h0000gn/T/RtmpyRyKRl/Rd2pdf8325
479e5bbf/Rd2.out)
(/private/var/folders/nh/4zg1bndx1b11n51dpycyng3h0000gn/T/RtmpyRyKRl/Rd2pdf8325
479e5bbf/Rd2.out)
(/usr/local/texlive/2023/texmf-dist/tex/latex/inconsolata/t1zi4.fd)
(/usr/local/texlive/2023/texmf-dist/tex/latex/psnfss/t1phv.fd)
(/private/var/folders/nh/4zg1bndx1b11n51dpycyng3h0000gn/T/RtmpyRyKRl/Rd2pdf8325
479e5bbf/Rd2.toc (/usr/local/texlive/2023/texmf-dist/tex/latex/amsfonts/umsa.fd
) (/usr/local/texlive/2023/texmf-dist/tex/latex/amsfonts/umsb.fd)
(/usr/local/texlive/2023/texmf-dist/tex/latex/jknapltx/ursfs.fd)) [1{/usr/local
/texlive/2023/texmf-var/fonts/map/pdftex/updmap/pdftex.map}{/usr/local/texlive/
2023/texmf-dist/fonts/enc/dvips/base/8r.enc}{/usr/local/texlive/2023/texmf-dist
/fonts/enc/dvips/inconsolata/i4-t1-0.enc}] [2]
(/usr/local/texlive/2023/texmf-dist/tex/latex/inconsolata/ts1zi4.fd) [3{/usr/lo
cal/texlive/2023/texmf-dist/fonts/enc/dvips/inconsolata/i4-ts1.enc}] [4]
[5] [6] [7] [8] [9]
(/private/var/folders/nh/4zg1bndx1b11n51dpycyng3h0000gn/T/RtmpyRyKRl/Rd2pdf8325
479e5bbf/Rd2.ind [10]

LaTeX Font Warning: Font shape `T1/zi4/m/it' undefined
(Font)              using `T1/zi4/m/n' instead on input line 5.

[11])
(/private/var/folders/nh/4zg1bndx1b11n51dpycyng3h0000gn/T/RtmpyRyKRl/Rd2pdf8325
479e5bbf/Rd2.aux)

LaTeX Font Warning: Some font shapes were not available, defaults substituted.


Package rerunfilecheck Warning: File `Rd2.out' has changed.
(rerunfilecheck)                Rerun to get outlines right
(rerunfilecheck)                or use package `bookmark'.

 )</usr/local/texlive/2023/texmf-dist/fonts/type1/public/inconsolata/Inconsolat
a-zi4r.pfb></usr/local/texlive/2023/texmf-dist/fonts/type1/urw/helvetic/uhvr8a.
pfb></usr/local/texlive/2023/texmf-dist/fonts/type1/urw/times/utmb8a.pfb></usr/
local/texlive/2023/texmf-dist/fonts/type1/urw/times/utmr8a.pfb></usr/local/texl
ive/2023/texmf-dist/fonts/type1/urw/times/utmr8a.pfb></usr/local/texlive/2023/t
exmf-dist/fonts/type1/urw/times/utmri8a.pfb>
Output written on Rd2.pdf (11 pages, 98729 bytes).
Transcript written on Rd2.log.
This is makeindex, version 2.17 [TeX Live 2023] (kpathsea + Thai support).
Scanning input file Rd2.idx....done (13 entries accepted, 0 rejected).
Sorting entries....done (53 comparisons).
Generating output file Rd2.ind....done (33 lines written, 0 warnings).
Output written in Rd2.ind.
Transcript written in Rd2.ilg.
This is pdfTeX, Version 3.141592653-2.6-1.40.25 (TeX Live 2023) (preloaded format=pdflatex)
 restricted \write18 enabled.
entering extended mode
LaTeX2e <2022-11-01> patch level 1
L3 programming layer <2023-02-22> (./Rd2.tex
(/usr/local/texlive/2023/texmf-dist/tex/latex/base/book.cls
Document Class: book 2022/07/02 v1.4n Standard LaTeX document class
(/usr/local/texlive/2023/texmf-dist/tex/latex/base/bk10.clo))
(/Library/Frameworks/R.framework/Resources/share/texmf/tex/latex/Rd.sty
(/usr/local/texlive/2023/texmf-dist/tex/latex/base/ifthen.sty)
(/usr/local/texlive/2023/texmf-dist/tex/latex/tools/longtable.sty)
(/usr/local/texlive/2023/texmf-dist/tex/latex/tools/bm.sty)
(/usr/local/texlive/2023/texmf-dist/tex/latex/base/alltt.sty)
(/usr/local/texlive/2023/texmf-dist/tex/latex/tools/verbatim.sty)
(/usr/local/texlive/2023/texmf-dist/tex/latex/url/url.sty)
(/usr/local/texlive/2023/texmf-dist/tex/latex/base/textcomp.sty)
(/usr/local/texlive/2023/texmf-dist/tex/latex/amsmath/amsmath.sty
For additional information on amsmath, use the `?' option.
(/usr/local/texlive/2023/texmf-dist/tex/latex/amsmath/amstext.sty
(/usr/local/texlive/2023/texmf-dist/tex/latex/amsmath/amsgen.sty))
(/usr/local/texlive/2023/texmf-dist/tex/latex/amsmath/amsbsy.sty)
(/usr/local/texlive/2023/texmf-dist/tex/latex/amsmath/amsopn.sty))
(/usr/local/texlive/2023/texmf-dist/tex/latex/amsfonts/amsfonts.sty)
(/usr/local/texlive/2023/texmf-dist/tex/latex/amsfonts/amssymb.sty)
(/usr/local/texlive/2023/texmf-dist/tex/latex/jknapltx/mathrsfs.sty)
(/usr/local/texlive/2023/texmf-dist/tex/generic/iftex/iftex.sty)
(/usr/local/texlive/2023/texmf-dist/tex/latex/base/fontenc.sty)
(/usr/local/texlive/2023/texmf-dist/tex/latex/psnfss/times.sty)
(/usr/local/texlive/2023/texmf-dist/tex/latex/inconsolata/zi4.sty
`inconsolata-zi4' v1.12, 2019/05/17 Text macros for Inconsolata (msharpe)
(/usr/local/texlive/2023/texmf-dist/tex/latex/xkeyval/xkeyval.sty
(/usr/local/texlive/2023/texmf-dist/tex/generic/xkeyval/xkeyval.tex
(/usr/local/texlive/2023/texmf-dist/tex/generic/xkeyval/xkvutils.tex
(/usr/local/texlive/2023/texmf-dist/tex/generic/xkeyval/keyval.tex)))))
(/usr/local/texlive/2023/texmf-dist/tex/latex/graphics/color.sty
(/usr/local/texlive/2023/texmf-dist/tex/latex/graphics-cfg/color.cfg)
(/usr/local/texlive/2023/texmf-dist/tex/latex/graphics-def/pdftex.def)
(/usr/local/texlive/2023/texmf-dist/tex/latex/graphics/mathcolor.ltx))
(/usr/local/texlive/2023/texmf-dist/tex/latex/hyperref/hyperref.sty
(/usr/local/texlive/2023/texmf-dist/tex/generic/ltxcmds/ltxcmds.sty)
(/usr/local/texlive/2023/texmf-dist/tex/generic/pdftexcmds/pdftexcmds.sty
(/usr/local/texlive/2023/texmf-dist/tex/generic/infwarerr/infwarerr.sty))
(/usr/local/texlive/2023/texmf-dist/tex/latex/kvsetkeys/kvsetkeys.sty)
(/usr/local/texlive/2023/texmf-dist/tex/generic/kvdefinekeys/kvdefinekeys.sty)
(/usr/local/texlive/2023/texmf-dist/tex/generic/pdfescape/pdfescape.sty)
(/usr/local/texlive/2023/texmf-dist/tex/latex/hycolor/hycolor.sty)
(/usr/local/texlive/2023/texmf-dist/tex/latex/letltxmacro/letltxmacro.sty)
(/usr/local/texlive/2023/texmf-dist/tex/latex/auxhook/auxhook.sty)
(/usr/local/texlive/2023/texmf-dist/tex/latex/hyperref/nameref.sty
(/usr/local/texlive/2023/texmf-dist/tex/latex/refcount/refcount.sty)
(/usr/local/texlive/2023/texmf-dist/tex/generic/gettitlestring/gettitlestring.s
ty (/usr/local/texlive/2023/texmf-dist/tex/latex/kvoptions/kvoptions.sty)))
(/usr/local/texlive/2023/texmf-dist/tex/latex/hyperref/pd1enc.def)
(/usr/local/texlive/2023/texmf-dist/tex/generic/intcalc/intcalc.sty)
(/usr/local/texlive/2023/texmf-dist/tex/generic/etexcmds/etexcmds.sty)
(/usr/local/texlive/2023/texmf-dist/tex/latex/hyperref/puenc.def)
(/usr/local/texlive/2023/texmf-dist/tex/generic/bitset/bitset.sty
(/usr/local/texlive/2023/texmf-dist/tex/generic/bigintcalc/bigintcalc.sty))
(/usr/local/texlive/2023/texmf-dist/tex/latex/base/atbegshi-ltx.sty))
(/usr/local/texlive/2023/texmf-dist/tex/latex/hyperref/hpdftex.def
(/usr/local/texlive/2023/texmf-dist/tex/latex/base/atveryend-ltx.sty)
(/usr/local/texlive/2023/texmf-dist/tex/latex/rerunfilecheck/rerunfilecheck.sty

(/usr/local/texlive/2023/texmf-dist/tex/generic/uniquecounter/uniquecounter.sty
)))) (/usr/local/texlive/2023/texmf-dist/tex/latex/base/makeidx.sty)
(/usr/local/texlive/2023/texmf-dist/tex/latex/base/inputenc.sty)
Writing index file Rd2.idx
(/usr/local/texlive/2023/texmf-dist/tex/latex/psnfss/t1ptm.fd)
(/usr/local/texlive/2023/texmf-dist/tex/latex/l3backend/l3backend-pdftex.def)
(/private/var/folders/nh/4zg1bndx1b11n51dpycyng3h0000gn/T/RtmpyRyKRl/Rd2pdf8325
479e5bbf/Rd2.aux)
(/usr/local/texlive/2023/texmf-dist/tex/context/base/mkii/supp-pdf.mkii
[Loading MPS to PDF converter (version 2006.09.02).]
)
(/private/var/folders/nh/4zg1bndx1b11n51dpycyng3h0000gn/T/RtmpyRyKRl/Rd2pdf8325
479e5bbf/Rd2.out)
(/private/var/folders/nh/4zg1bndx1b11n51dpycyng3h0000gn/T/RtmpyRyKRl/Rd2pdf8325
479e5bbf/Rd2.out)
(/usr/local/texlive/2023/texmf-dist/tex/latex/inconsolata/t1zi4.fd)
(/usr/local/texlive/2023/texmf-dist/tex/latex/psnfss/t1phv.fd)
(/private/var/folders/nh/4zg1bndx1b11n51dpycyng3h0000gn/T/RtmpyRyKRl/Rd2pdf8325
479e5bbf/Rd2.toc (/usr/local/texlive/2023/texmf-dist/tex/latex/amsfonts/umsa.fd
) (/usr/local/texlive/2023/texmf-dist/tex/latex/amsfonts/umsb.fd)
(/usr/local/texlive/2023/texmf-dist/tex/latex/jknapltx/ursfs.fd)) [1{/usr/local
/texlive/2023/texmf-var/fonts/map/pdftex/updmap/pdftex.map}{/usr/local/texlive/
2023/texmf-dist/fonts/enc/dvips/base/8r.enc}{/usr/local/texlive/2023/texmf-dist
/fonts/enc/dvips/inconsolata/i4-t1-0.enc}] [2]
(/usr/local/texlive/2023/texmf-dist/tex/latex/inconsolata/ts1zi4.fd) [3{/usr/lo
cal/texlive/2023/texmf-dist/fonts/enc/dvips/inconsolata/i4-ts1.enc}] [4]
[5] [6] [7] [8] [9]
(/private/var/folders/nh/4zg1bndx1b11n51dpycyng3h0000gn/T/RtmpyRyKRl/Rd2pdf8325
479e5bbf/Rd2.ind [10]

LaTeX Font Warning: Font shape `T1/zi4/m/it' undefined
(Font)              using `T1/zi4/m/n' instead on input line 5.

[11])
(/private/var/folders/nh/4zg1bndx1b11n51dpycyng3h0000gn/T/RtmpyRyKRl/Rd2pdf8325
479e5bbf/Rd2.aux)

LaTeX Font Warning: Some font shapes were not available, defaults substituted.

 )</usr/local/texlive/2023/texmf-dist/fonts/type1/public/inconsolata/Inconsolat
a-zi4r.pfb></usr/local/texlive/2023/texmf-dist/fonts/type1/urw/helvetic/uhvr8a.
pfb></usr/local/texlive/2023/texmf-dist/fonts/type1/urw/times/utmb8a.pfb></usr/
local/texlive/2023/texmf-dist/fonts/type1/urw/times/utmr8a.pfb></usr/local/texl
ive/2023/texmf-dist/fonts/type1/urw/times/utmr8a.pfb></usr/local/texlive/2023/t
exmf-dist/fonts/type1/urw/times/utmri8a.pfb>
Output written on Rd2.pdf (11 pages, 98955 bytes).
Transcript written on Rd2.log.
Saving output to ‘SimTools-manual.pdf’ ...
Done
You may want to clean up by 'rm -Rf /var/folders/nh/4zg1bndx1b11n51dpycyng3h0000gn/T//RtmpyRyKRl/Rd2pdf8325479e5bbf'
